{"/Users/ej/Documents/CSE183/Assignment8/src/app.js": {"path":"/Users/ej/Documents/CSE183/Assignment8/src/app.js","statementMap":{"0":{"start":{"line":1,"column":16},"end":{"line":1,"column":34}},"1":{"start":{"line":2,"column":13},"end":{"line":2,"column":31}},"2":{"start":{"line":3,"column":18},"end":{"line":3,"column":47}},"3":{"start":{"line":4,"column":11},"end":{"line":4,"column":24}},"4":{"start":{"line":5,"column":13},"end":{"line":5,"column":28}},"5":{"start":{"line":6,"column":25},"end":{"line":6,"column":61}},"6":{"start":{"line":8,"column":13},"end":{"line":8,"column":30}},"7":{"start":{"line":10,"column":12},"end":{"line":10,"column":21}},"8":{"start":{"line":11,"column":0},"end":{"line":11,"column":24}},"9":{"start":{"line":12,"column":0},"end":{"line":12,"column":47}},"10":{"start":{"line":14,"column":16},"end":{"line":14,"column":59}},"11":{"start":{"line":16,"column":15},"end":{"line":16,"column":62}},"12":{"start":{"line":17,"column":0},"end":{"line":17,"column":66}},"13":{"start":{"line":19,"column":0},"end":{"line":25,"column":2}},"14":{"start":{"line":28,"column":0},"end":{"line":28,"column":33}},"15":{"start":{"line":29,"column":0},"end":{"line":29,"column":38}},"16":{"start":{"line":30,"column":0},"end":{"line":30,"column":32}},"17":{"start":{"line":31,"column":0},"end":{"line":31,"column":34}},"18":{"start":{"line":33,"column":0},"end":{"line":39,"column":3}},"19":{"start":{"line":34,"column":2},"end":{"line":38,"column":5}},"20":{"start":{"line":41,"column":0},"end":{"line":41,"column":21}}},"fnMap":{"0":{"name":"(anonymous_0)","decl":{"start":{"line":33,"column":8},"end":{"line":33,"column":9}},"loc":{"start":{"line":33,"column":33},"end":{"line":39,"column":1}},"line":33}},"branchMap":{},"s":{"0":1,"1":1,"2":1,"3":1,"4":1,"5":1,"6":1,"7":1,"8":1,"9":1,"10":1,"11":1,"12":1,"13":1,"14":1,"15":1,"16":1,"17":1,"18":1,"19":2,"20":1},"f":{"0":2},"b":{},"_coverageSchema":"1a1c01bbd47fc00a2c39e90264f33305004495a9","hash":"2424ca03a3ff600b7ef317d184a0841bd42133f8"}
,"/Users/ej/Documents/CSE183/Assignment8/src/db.js": {"path":"/Users/ej/Documents/CSE183/Assignment8/src/db.js","statementMap":{"0":{"start":{"line":1,"column":15},"end":{"line":1,"column":28}},"1":{"start":{"line":3,"column":13},"end":{"line":9,"column":2}},"2":{"start":{"line":11,"column":0},"end":{"line":29,"column":2}},"3":{"start":{"line":12,"column":15},"end":{"line":12,"column":35}},"4":{"start":{"line":13,"column":2},"end":{"line":15,"column":3}},"5":{"start":{"line":14,"column":4},"end":{"line":14,"column":37}},"6":{"start":{"line":16,"column":16},"end":{"line":19,"column":3}},"7":{"start":{"line":20,"column":17},"end":{"line":20,"column":40}},"8":{"start":{"line":21,"column":17},"end":{"line":21,"column":19}},"9":{"start":{"line":22,"column":2},"end":{"line":27,"column":3}},"10":{"start":{"line":23,"column":18},"end":{"line":23,"column":26}},"11":{"start":{"line":24,"column":4},"end":{"line":24,"column":25}},"12":{"start":{"line":25,"column":4},"end":{"line":25,"column":35}},"13":{"start":{"line":26,"column":4},"end":{"line":26,"column":23}},"14":{"start":{"line":28,"column":2},"end":{"line":28,"column":16}},"15":{"start":{"line":31,"column":0},"end":{"line":44,"column":2}},"16":{"start":{"line":32,"column":17},"end":{"line":32,"column":51}},"17":{"start":{"line":33,"column":16},"end":{"line":36,"column":3}},"18":{"start":{"line":37,"column":17},"end":{"line":37,"column":40}},"19":{"start":{"line":38,"column":2},"end":{"line":40,"column":3}},"20":{"start":{"line":39,"column":4},"end":{"line":39,"column":21}},"21":{"start":{"line":41,"column":16},"end":{"line":41,"column":28}},"22":{"start":{"line":42,"column":2},"end":{"line":42,"column":27}},"23":{"start":{"line":43,"column":2},"end":{"line":43,"column":15}},"24":{"start":{"line":46,"column":0},"end":{"line":63,"column":2}},"25":{"start":{"line":47,"column":17},"end":{"line":48,"column":61}},"26":{"start":{"line":50,"column":16},"end":{"line":53,"column":3}},"27":{"start":{"line":54,"column":17},"end":{"line":54,"column":40}},"28":{"start":{"line":55,"column":17},"end":{"line":55,"column":19}},"29":{"start":{"line":56,"column":2},"end":{"line":61,"column":3}},"30":{"start":{"line":57,"column":18},"end":{"line":57,"column":26}},"31":{"start":{"line":58,"column":4},"end":{"line":58,"column":25}},"32":{"start":{"line":59,"column":4},"end":{"line":59,"column":35}},"33":{"start":{"line":60,"column":4},"end":{"line":60,"column":23}},"34":{"start":{"line":62,"column":2},"end":{"line":62,"column":16}},"35":{"start":{"line":65,"column":0},"end":{"line":73,"column":2}},"36":{"start":{"line":66,"column":17},"end":{"line":66,"column":51}},"37":{"start":{"line":67,"column":16},"end":{"line":70,"column":3}},"38":{"start":{"line":71,"column":17},"end":{"line":71,"column":40}},"39":{"start":{"line":72,"column":2},"end":{"line":72,"column":17}},"40":{"start":{"line":75,"column":0},"end":{"line":83,"column":2}},"41":{"start":{"line":76,"column":17},"end":{"line":76,"column":79}},"42":{"start":{"line":77,"column":16},"end":{"line":80,"column":3}},"43":{"start":{"line":81,"column":13},"end":{"line":81,"column":36}},"44":{"start":{"line":82,"column":2},"end":{"line":82,"column":23}},"45":{"start":{"line":85,"column":0},"end":{"line":92,"column":2}},"46":{"start":{"line":86,"column":17},"end":{"line":86,"column":61}},"47":{"start":{"line":87,"column":16},"end":{"line":90,"column":3}},"48":{"start":{"line":91,"column":2},"end":{"line":91,"column":26}}},"fnMap":{"0":{"name":"(anonymous_0)","decl":{"start":{"line":11,"column":23},"end":{"line":11,"column":24}},"loc":{"start":{"line":11,"column":42},"end":{"line":29,"column":1}},"line":11},"1":{"name":"(anonymous_1)","decl":{"start":{"line":31,"column":22},"end":{"line":31,"column":23}},"loc":{"start":{"line":31,"column":36},"end":{"line":44,"column":1}},"line":31},"2":{"name":"(anonymous_2)","decl":{"start":{"line":46,"column":25},"end":{"line":46,"column":26}},"loc":{"start":{"line":46,"column":41},"end":{"line":63,"column":1}},"line":46},"3":{"name":"(anonymous_3)","decl":{"start":{"line":65,"column":33},"end":{"line":65,"column":34}},"loc":{"start":{"line":65,"column":47},"end":{"line":73,"column":1}},"line":65},"4":{"name":"(anonymous_4)","decl":{"start":{"line":75,"column":22},"end":{"line":75,"column":23}},"loc":{"start":{"line":75,"column":38},"end":{"line":83,"column":1}},"line":75},"5":{"name":"(anonymous_5)","decl":{"start":{"line":85,"column":22},"end":{"line":85,"column":23}},"loc":{"start":{"line":85,"column":45},"end":{"line":92,"column":1}},"line":85}},"branchMap":{"0":{"loc":{"start":{"line":13,"column":2},"end":{"line":15,"column":3}},"type":"if","locations":[{"start":{"line":13,"column":2},"end":{"line":15,"column":3}},{"start":{"line":13,"column":2},"end":{"line":15,"column":3}}],"line":13},"1":{"loc":{"start":{"line":18,"column":12},"end":{"line":18,"column":41}},"type":"cond-expr","locations":[{"start":{"line":18,"column":22},"end":{"line":18,"column":36}},{"start":{"line":18,"column":39},"end":{"line":18,"column":41}}],"line":18},"2":{"loc":{"start":{"line":38,"column":2},"end":{"line":40,"column":3}},"type":"if","locations":[{"start":{"line":38,"column":2},"end":{"line":40,"column":3}},{"start":{"line":38,"column":2},"end":{"line":40,"column":3}}],"line":38}},"s":{"0":1,"1":1,"2":1,"3":3,"4":3,"5":2,"6":3,"7":3,"8":3,"9":3,"10":400,"11":400,"12":400,"13":400,"14":3,"15":1,"16":4,"17":4,"18":4,"19":4,"20":1,"21":3,"22":3,"23":3,"24":1,"25":1,"26":1,"27":1,"28":1,"29":1,"30":2,"31":2,"32":2,"33":2,"34":1,"35":1,"36":3,"37":3,"38":3,"39":3,"40":1,"41":1,"42":1,"43":1,"44":1,"45":1,"46":1,"47":1,"48":1},"f":{"0":3,"1":4,"2":1,"3":3,"4":1,"5":1},"b":{"0":[2,1],"1":[2,1],"2":[1,3]},"_coverageSchema":"1a1c01bbd47fc00a2c39e90264f33305004495a9","hash":"bb6ad0a232b7f1841eedc9cecf9cb426051e1cf8"}
,"/Users/ej/Documents/CSE183/Assignment8/src/mail.js": {"path":"/Users/ej/Documents/CSE183/Assignment8/src/mail.js","statementMap":{"0":{"start":{"line":1,"column":11},"end":{"line":1,"column":26}},"1":{"start":{"line":5,"column":0},"end":{"line":5,"column":77}},"2":{"start":{"line":7,"column":0},"end":{"line":35,"column":2}},"3":{"start":{"line":9,"column":2},"end":{"line":14,"column":3}},"4":{"start":{"line":10,"column":4},"end":{"line":10,"column":53}},"5":{"start":{"line":13,"column":4},"end":{"line":13,"column":54}},"6":{"start":{"line":15,"column":2},"end":{"line":17,"column":3}},"7":{"start":{"line":16,"column":4},"end":{"line":16,"column":25}},"8":{"start":{"line":18,"column":24},"end":{"line":18,"column":26}},"9":{"start":{"line":19,"column":2},"end":{"line":21,"column":5}},"10":{"start":{"line":20,"column":4},"end":{"line":20,"column":38}},"11":{"start":{"line":22,"column":26},"end":{"line":22,"column":48}},"12":{"start":{"line":23,"column":19},"end":{"line":23,"column":21}},"13":{"start":{"line":24,"column":2},"end":{"line":31,"column":5}},"14":{"start":{"line":25,"column":24},"end":{"line":27,"column":6}},"15":{"start":{"line":26,"column":6},"end":{"line":26,"column":39}},"16":{"start":{"line":28,"column":4},"end":{"line":28,"column":68}},"17":{"start":{"line":29,"column":4},"end":{"line":29,"column":68}},"18":{"start":{"line":30,"column":4},"end":{"line":30,"column":60}},"19":{"start":{"line":34,"column":2},"end":{"line":34,"column":33}},"20":{"start":{"line":37,"column":0},"end":{"line":48,"column":2}},"21":{"start":{"line":38,"column":20},"end":{"line":38,"column":47}},"22":{"start":{"line":39,"column":2},"end":{"line":41,"column":3}},"23":{"start":{"line":40,"column":4},"end":{"line":40,"column":25}},"24":{"start":{"line":42,"column":16},"end":{"line":42,"column":51}},"25":{"start":{"line":43,"column":2},"end":{"line":47,"column":3}},"26":{"start":{"line":44,"column":4},"end":{"line":44,"column":39}},"27":{"start":{"line":46,"column":4},"end":{"line":46,"column":27}},"28":{"start":{"line":50,"column":0},"end":{"line":69,"column":2}},"29":{"start":{"line":51,"column":26},"end":{"line":51,"column":34}},"30":{"start":{"line":56,"column":2},"end":{"line":58,"column":3}},"31":{"start":{"line":57,"column":4},"end":{"line":57,"column":25}},"32":{"start":{"line":59,"column":15},"end":{"line":59,"column":25}},"33":{"start":{"line":60,"column":2},"end":{"line":61,"column":66}},"34":{"start":{"line":62,"column":2},"end":{"line":62,"column":44}},"35":{"start":{"line":63,"column":2},"end":{"line":63,"column":48}},"36":{"start":{"line":64,"column":19},"end":{"line":64,"column":49}},"37":{"start":{"line":66,"column":22},"end":{"line":66,"column":52}},"38":{"start":{"line":67,"column":2},"end":{"line":67,"column":36}},"39":{"start":{"line":71,"column":0},"end":{"line":88,"column":2}},"40":{"start":{"line":72,"column":13},"end":{"line":72,"column":26}},"41":{"start":{"line":73,"column":18},"end":{"line":73,"column":35}},"42":{"start":{"line":74,"column":20},"end":{"line":74,"column":36}},"43":{"start":{"line":75,"column":2},"end":{"line":77,"column":3}},"44":{"start":{"line":76,"column":4},"end":{"line":76,"column":25}},"45":{"start":{"line":78,"column":16},"end":{"line":78,"column":51}},"46":{"start":{"line":79,"column":2},"end":{"line":87,"column":3}},"47":{"start":{"line":80,"column":4},"end":{"line":82,"column":5}},"48":{"start":{"line":81,"column":6},"end":{"line":81,"column":27}},"49":{"start":{"line":83,"column":4},"end":{"line":83,"column":38}},"50":{"start":{"line":84,"column":4},"end":{"line":84,"column":25}},"51":{"start":{"line":86,"column":4},"end":{"line":86,"column":18}},"52":{"start":{"line":90,"column":30},"end":{"line":95,"column":1}},"53":{"start":{"line":91,"column":27},"end":{"line":93,"column":4}},"54":{"start":{"line":92,"column":4},"end":{"line":92,"column":43}},"55":{"start":{"line":94,"column":2},"end":{"line":94,"column":26}},"56":{"start":{"line":97,"column":23},"end":{"line":101,"column":1}},"57":{"start":{"line":98,"column":20},"end":{"line":98,"column":44}},"58":{"start":{"line":99,"column":2},"end":{"line":99,"column":29}},"59":{"start":{"line":100,"column":2},"end":{"line":100,"column":19}},"60":{"start":{"line":103,"column":21},"end":{"line":106,"column":1}},"61":{"start":{"line":104,"column":17},"end":{"line":104,"column":30}},"62":{"start":{"line":105,"column":2},"end":{"line":105,"column":16}}},"fnMap":{"0":{"name":"(anonymous_0)","decl":{"start":{"line":7,"column":17},"end":{"line":7,"column":18}},"loc":{"start":{"line":7,"column":37},"end":{"line":35,"column":1}},"line":7},"1":{"name":"(anonymous_1)","decl":{"start":{"line":19,"column":17},"end":{"line":19,"column":18}},"loc":{"start":{"line":19,"column":28},"end":{"line":21,"column":3}},"line":19},"2":{"name":"(anonymous_2)","decl":{"start":{"line":24,"column":26},"end":{"line":24,"column":27}},"loc":{"start":{"line":24,"column":39},"end":{"line":31,"column":3}},"line":24},"3":{"name":"(anonymous_3)","decl":{"start":{"line":25,"column":38},"end":{"line":25,"column":39}},"loc":{"start":{"line":25,"column":49},"end":{"line":27,"column":5}},"line":25},"4":{"name":"(anonymous_4)","decl":{"start":{"line":37,"column":18},"end":{"line":37,"column":19}},"loc":{"start":{"line":37,"column":38},"end":{"line":48,"column":1}},"line":37},"5":{"name":"(anonymous_5)","decl":{"start":{"line":50,"column":15},"end":{"line":50,"column":16}},"loc":{"start":{"line":50,"column":35},"end":{"line":69,"column":1}},"line":50},"6":{"name":"(anonymous_6)","decl":{"start":{"line":71,"column":14},"end":{"line":71,"column":15}},"loc":{"start":{"line":71,"column":34},"end":{"line":88,"column":1}},"line":71},"7":{"name":"(anonymous_7)","decl":{"start":{"line":90,"column":30},"end":{"line":90,"column":31}},"loc":{"start":{"line":90,"column":53},"end":{"line":95,"column":1}},"line":90},"8":{"name":"(anonymous_8)","decl":{"start":{"line":91,"column":39},"end":{"line":91,"column":40}},"loc":{"start":{"line":91,"column":50},"end":{"line":93,"column":3}},"line":91},"9":{"name":"(anonymous_9)","decl":{"start":{"line":97,"column":23},"end":{"line":97,"column":24}},"loc":{"start":{"line":97,"column":44},"end":{"line":101,"column":1}},"line":97},"10":{"name":"(anonymous_10)","decl":{"start":{"line":103,"column":21},"end":{"line":103,"column":22}},"loc":{"start":{"line":103,"column":31},"end":{"line":106,"column":1}},"line":103}},"branchMap":{"0":{"loc":{"start":{"line":9,"column":2},"end":{"line":14,"column":3}},"type":"if","locations":[{"start":{"line":9,"column":2},"end":{"line":14,"column":3}},{"start":{"line":9,"column":2},"end":{"line":14,"column":3}}],"line":9},"1":{"loc":{"start":{"line":15,"column":2},"end":{"line":17,"column":3}},"type":"if","locations":[{"start":{"line":15,"column":2},"end":{"line":17,"column":3}},{"start":{"line":15,"column":2},"end":{"line":17,"column":3}}],"line":15},"2":{"loc":{"start":{"line":15,"column":6},"end":{"line":15,"column":46}},"type":"binary-expr","locations":[{"start":{"line":15,"column":6},"end":{"line":15,"column":25}},{"start":{"line":15,"column":29},"end":{"line":15,"column":46}}],"line":15},"3":{"loc":{"start":{"line":39,"column":2},"end":{"line":41,"column":3}},"type":"if","locations":[{"start":{"line":39,"column":2},"end":{"line":41,"column":3}},{"start":{"line":39,"column":2},"end":{"line":41,"column":3}}],"line":39},"4":{"loc":{"start":{"line":43,"column":2},"end":{"line":47,"column":3}},"type":"if","locations":[{"start":{"line":43,"column":2},"end":{"line":47,"column":3}},{"start":{"line":43,"column":2},"end":{"line":47,"column":3}}],"line":43},"5":{"loc":{"start":{"line":56,"column":2},"end":{"line":58,"column":3}},"type":"if","locations":[{"start":{"line":56,"column":2},"end":{"line":58,"column":3}},{"start":{"line":56,"column":2},"end":{"line":58,"column":3}}],"line":56},"6":{"loc":{"start":{"line":56,"column":6},"end":{"line":56,"column":45}},"type":"binary-expr","locations":[{"start":{"line":56,"column":6},"end":{"line":56,"column":23}},{"start":{"line":56,"column":27},"end":{"line":56,"column":45}}],"line":56},"7":{"loc":{"start":{"line":75,"column":2},"end":{"line":77,"column":3}},"type":"if","locations":[{"start":{"line":75,"column":2},"end":{"line":77,"column":3}},{"start":{"line":75,"column":2},"end":{"line":77,"column":3}}],"line":75},"8":{"loc":{"start":{"line":79,"column":2},"end":{"line":87,"column":3}},"type":"if","locations":[{"start":{"line":79,"column":2},"end":{"line":87,"column":3}},{"start":{"line":79,"column":2},"end":{"line":87,"column":3}}],"line":79},"9":{"loc":{"start":{"line":80,"column":4},"end":{"line":82,"column":5}},"type":"if","locations":[{"start":{"line":80,"column":4},"end":{"line":82,"column":5}},{"start":{"line":80,"column":4},"end":{"line":82,"column":5}}],"line":80},"10":{"loc":{"start":{"line":80,"column":8},"end":{"line":80,"column":54}},"type":"binary-expr","locations":[{"start":{"line":80,"column":8},"end":{"line":80,"column":32}},{"start":{"line":80,"column":36},"end":{"line":80,"column":54}}],"line":80}},"s":{"0":1,"1":1,"2":1,"3":4,"4":1,"5":3,"6":4,"7":1,"8":3,"9":3,"10":402,"11":3,"12":3,"13":3,"14":6,"15":1004,"16":6,"17":6,"18":6,"19":3,"20":1,"21":4,"22":4,"23":1,"24":3,"25":3,"26":2,"27":1,"28":1,"29":2,"30":2,"31":1,"32":1,"33":1,"34":1,"35":1,"36":1,"37":1,"38":1,"39":1,"40":4,"41":4,"42":4,"43":4,"44":1,"45":3,"46":3,"47":2,"48":1,"49":1,"50":1,"51":1,"52":1,"53":12,"54":804,"55":12,"56":1,"57":804,"58":804,"59":804,"60":1,"61":8,"62":8},"f":{"0":4,"1":402,"2":6,"3":1004,"4":4,"5":2,"6":4,"7":12,"8":804,"9":804,"10":8},"b":{"0":[1,3],"1":[1,3],"2":[4,1],"3":[1,3],"4":[2,1],"5":[1,1],"6":[2,1],"7":[1,3],"8":[2,1],"9":[1,1],"10":[2,1]},"_coverageSchema":"1a1c01bbd47fc00a2c39e90264f33305004495a9","hash":"ff690e5b855a42207ad7ae2cf055b84d843bc334"}
,"/Users/ej/Documents/CSE183/Assignment8/test/db.js": {"path":"/Users/ej/Documents/CSE183/Assignment8/test/db.js","statementMap":{"0":{"start":{"line":1,"column":11},"end":{"line":1,"column":24}},"1":{"start":{"line":2,"column":15},"end":{"line":2,"column":28}},"2":{"start":{"line":4,"column":0},"end":{"line":4,"column":27}},"3":{"start":{"line":5,"column":0},"end":{"line":5,"column":31}},"4":{"start":{"line":7,"column":13},"end":{"line":13,"column":2}},"5":{"start":{"line":15,"column":12},"end":{"line":21,"column":1}},"6":{"start":{"line":16,"column":18},"end":{"line":16,"column":47}},"7":{"start":{"line":17,"column":21},"end":{"line":17,"column":43}},"8":{"start":{"line":18,"column":2},"end":{"line":20,"column":3}},"9":{"start":{"line":19,"column":4},"end":{"line":19,"column":32}},"10":{"start":{"line":23,"column":0},"end":{"line":27,"column":2}},"11":{"start":{"line":24,"column":2},"end":{"line":24,"column":30}},"12":{"start":{"line":25,"column":2},"end":{"line":25,"column":28}},"13":{"start":{"line":26,"column":2},"end":{"line":26,"column":31}}},"fnMap":{"0":{"name":"(anonymous_0)","decl":{"start":{"line":15,"column":12},"end":{"line":15,"column":13}},"loc":{"start":{"line":15,"column":28},"end":{"line":21,"column":1}},"line":15},"1":{"name":"(anonymous_1)","decl":{"start":{"line":23,"column":16},"end":{"line":23,"column":17}},"loc":{"start":{"line":23,"column":28},"end":{"line":27,"column":1}},"line":23}},"branchMap":{},"s":{"0":1,"1":1,"2":1,"3":1,"4":1,"5":1,"6":3,"7":3,"8":3,"9":307,"10":1,"11":1,"12":1,"13":1},"f":{"0":3,"1":1},"b":{},"_coverageSchema":"1a1c01bbd47fc00a2c39e90264f33305004495a9","hash":"cc88cd58ed72fd6febc20b1733fe50cebc76ac01"}
}
