TN:
SF:src/app.js
FN:33,(anonymous_0)
FNF:1
FNH:1
FNDA:2,(anonymous_0)
DA:1,1
DA:2,1
DA:3,1
DA:4,1
DA:5,1
DA:6,1
DA:8,1
DA:10,1
DA:11,1
DA:12,1
DA:14,1
DA:16,1
DA:17,1
DA:19,1
DA:28,1
DA:29,1
DA:30,1
DA:31,1
DA:33,1
DA:34,2
DA:41,1
LF:21
LH:21
BRF:0
BRH:0
end_of_record
TN:
SF:src/db.js
FN:11,(anonymous_0)
FN:31,(anonymous_1)
FN:46,(anonymous_2)
FN:65,(anonymous_3)
FN:75,(anonymous_4)
FN:85,(anonymous_5)
FNF:6
FNH:6
FNDA:3,(anonymous_0)
FNDA:4,(anonymous_1)
FNDA:1,(anonymous_2)
FNDA:3,(anonymous_3)
FNDA:1,(anonymous_4)
FNDA:1,(anonymous_5)
DA:1,1
DA:3,1
DA:11,1
DA:12,3
DA:13,3
DA:14,2
DA:16,3
DA:20,3
DA:21,3
DA:22,3
DA:23,400
DA:24,400
DA:25,400
DA:26,400
DA:28,3
DA:31,1
DA:32,4
DA:33,4
DA:37,4
DA:38,4
DA:39,1
DA:41,3
DA:42,3
DA:43,3
DA:46,1
DA:47,1
DA:50,1
DA:54,1
DA:55,1
DA:56,1
DA:57,2
DA:58,2
DA:59,2
DA:60,2
DA:62,1
DA:65,1
DA:66,3
DA:67,3
DA:71,3
DA:72,3
DA:75,1
DA:76,1
DA:77,1
DA:81,1
DA:82,1
DA:85,1
DA:86,1
DA:87,1
DA:91,1
LF:49
LH:49
BRDA:13,0,0,2
BRDA:13,0,1,1
BRDA:18,1,0,2
BRDA:18,1,1,1
BRDA:38,2,0,1
BRDA:38,2,1,3
BRF:6
BRH:6
end_of_record
TN:
SF:src/mail.js
FN:7,(anonymous_0)
FN:19,(anonymous_1)
FN:24,(anonymous_2)
FN:25,(anonymous_3)
FN:37,(anonymous_4)
FN:50,(anonymous_5)
FN:71,(anonymous_6)
FN:90,(anonymous_7)
FN:91,(anonymous_8)
FN:97,(anonymous_9)
FN:103,(anonymous_10)
FNF:11
FNH:11
FNDA:4,(anonymous_0)
FNDA:402,(anonymous_1)
FNDA:6,(anonymous_2)
FNDA:1004,(anonymous_3)
FNDA:4,(anonymous_4)
FNDA:2,(anonymous_5)
FNDA:4,(anonymous_6)
FNDA:12,(anonymous_7)
FNDA:804,(anonymous_8)
FNDA:804,(anonymous_9)
FNDA:8,(anonymous_10)
DA:1,1
DA:5,1
DA:7,1
DA:9,4
DA:10,1
DA:13,3
DA:15,4
DA:16,1
DA:18,3
DA:19,3
DA:20,402
DA:22,3
DA:23,3
DA:24,3
DA:25,6
DA:26,1004
DA:28,6
DA:29,6
DA:30,6
DA:34,3
DA:37,1
DA:38,4
DA:39,4
DA:40,1
DA:42,3
DA:43,3
DA:44,2
DA:46,1
DA:50,1
DA:51,2
DA:56,2
DA:57,1
DA:59,1
DA:60,1
DA:62,1
DA:63,1
DA:64,1
DA:66,1
DA:67,1
DA:71,1
DA:72,4
DA:73,4
DA:74,4
DA:75,4
DA:76,1
DA:78,3
DA:79,3
DA:80,2
DA:81,1
DA:83,1
DA:84,1
DA:86,1
DA:90,1
DA:91,12
DA:92,804
DA:94,12
DA:97,1
DA:98,804
DA:99,804
DA:100,804
DA:103,1
DA:104,8
DA:105,8
LF:63
LH:63
BRDA:9,0,0,1
BRDA:9,0,1,3
BRDA:15,1,0,1
BRDA:15,1,1,3
BRDA:15,2,0,4
BRDA:15,2,1,1
BRDA:39,3,0,1
BRDA:39,3,1,3
BRDA:43,4,0,2
BRDA:43,4,1,1
BRDA:56,5,0,1
BRDA:56,5,1,1
BRDA:56,6,0,2
BRDA:56,6,1,1
BRDA:75,7,0,1
BRDA:75,7,1,3
BRDA:79,8,0,2
BRDA:79,8,1,1
BRDA:80,9,0,1
BRDA:80,9,1,1
BRDA:80,10,0,2
BRDA:80,10,1,1
BRF:22
BRH:22
end_of_record
TN:
SF:test/db.js
FN:15,(anonymous_0)
FN:23,(anonymous_1)
FNF:2
FNH:2
FNDA:3,(anonymous_0)
FNDA:1,(anonymous_1)
DA:1,1
DA:2,1
DA:4,1
DA:5,1
DA:7,1
DA:15,1
DA:16,3
DA:17,3
DA:18,3
DA:19,307
DA:23,1
DA:24,1
DA:25,1
DA:26,1
LF:14
LH:14
BRF:0
BRH:0
end_of_record
