<?xml version="1.0" encoding="UTF-8"?>
<coverage generated="1605855906158" clover="3.2.0">
  <project timestamp="1605855906159" name="All files">
    <metrics statements="89" coveredstatements="89" conditionals="12" coveredconditionals="12" methods="19" coveredmethods="19" elements="120" coveredelements="120" complexity="0" loc="89" ncloc="89" packages="1" files="2" classes="2"/>
    <file name="app.js" path="/Users/ej/Documents/CSE183/Assignment7/src/app.js">
      <metrics statements="21" coveredstatements="21" conditionals="0" coveredconditionals="0" methods="1" coveredmethods="1"/>
      <line num="1" count="1" type="stmt"/>
      <line num="2" count="1" type="stmt"/>
      <line num="3" count="1" type="stmt"/>
      <line num="4" count="1" type="stmt"/>
      <line num="5" count="1" type="stmt"/>
      <line num="6" count="1" type="stmt"/>
      <line num="8" count="1" type="stmt"/>
      <line num="10" count="1" type="stmt"/>
      <line num="11" count="1" type="stmt"/>
      <line num="12" count="1" type="stmt"/>
      <line num="14" count="1" type="stmt"/>
      <line num="16" count="1" type="stmt"/>
      <line num="17" count="1" type="stmt"/>
      <line num="19" count="1" type="stmt"/>
      <line num="28" count="1" type="stmt"/>
      <line num="29" count="1" type="stmt"/>
      <line num="30" count="1" type="stmt"/>
      <line num="31" count="1" type="stmt"/>
      <line num="33" count="1" type="stmt"/>
      <line num="34" count="2" type="stmt"/>
      <line num="41" count="1" type="stmt"/>
    </file>
    <file name="emails.js" path="/Users/ej/Documents/CSE183/Assignment7/src/emails.js">
      <metrics statements="68" coveredstatements="68" conditionals="12" coveredconditionals="12" methods="18" coveredmethods="18"/>
      <line num="1" count="1" type="stmt"/>
      <line num="2" count="1" type="stmt"/>
      <line num="3" count="1" type="stmt"/>
      <line num="5" count="1" type="stmt"/>
      <line num="6" count="100" type="stmt"/>
      <line num="7" count="100" type="stmt"/>
      <line num="10" count="1" type="stmt"/>
      <line num="11" count="100" type="stmt"/>
      <line num="12" count="100" type="stmt"/>
      <line num="15" count="1" type="stmt"/>
      <line num="16" count="100" type="stmt"/>
      <line num="17" count="100" type="stmt"/>
      <line num="20" count="1" type="stmt"/>
      <line num="22" count="1" type="stmt"/>
      <line num="23" count="2" type="stmt"/>
      <line num="24" count="2" type="stmt"/>
      <line num="25" count="600" type="stmt"/>
      <line num="27" count="2" type="stmt"/>
      <line num="29" count="2" type="stmt"/>
      <line num="30" count="2" type="stmt"/>
      <line num="31" count="6" type="stmt"/>
      <line num="32" count="1800" type="stmt"/>
      <line num="34" count="6" type="stmt"/>
      <line num="35" count="6" type="stmt"/>
      <line num="36" count="6" type="stmt"/>
      <line num="39" count="2" type="cond" truecount="2" falsecount="0"/>
      <line num="40" count="1" type="stmt"/>
      <line num="41" count="300" type="stmt"/>
      <line num="43" count="1" type="stmt"/>
      <line num="44" count="1" type="stmt"/>
      <line num="45" count="1" type="stmt"/>
      <line num="48" count="1" type="stmt"/>
      <line num="51" count="1" type="stmt"/>
      <line num="52" count="3" type="stmt"/>
      <line num="53" count="3" type="stmt"/>
      <line num="54" count="602" type="stmt"/>
      <line num="56" count="3" type="cond" truecount="2" falsecount="0"/>
      <line num="57" count="2" type="stmt"/>
      <line num="59" count="1" type="stmt"/>
      <line num="63" count="1" type="stmt"/>
      <line num="64" count="1" type="stmt"/>
      <line num="65" count="1" type="stmt"/>
      <line num="66" count="1" type="stmt"/>
      <line num="67" count="1" type="stmt"/>
      <line num="68" count="1" type="stmt"/>
      <line num="69" count="1" type="stmt"/>
      <line num="70" count="1" type="stmt"/>
      <line num="73" count="1" type="stmt"/>
      <line num="74" count="4" type="stmt"/>
      <line num="75" count="905" type="stmt"/>
      <line num="77" count="4" type="cond" truecount="4" falsecount="0"/>
      <line num="79" count="1" type="stmt"/>
      <line num="81" count="3" type="cond" truecount="2" falsecount="0"/>
      <line num="82" count="1" type="stmt"/>
      <line num="83" count="1" type="stmt"/>
      <line num="85" count="2" type="stmt"/>
      <line num="90" count="1" type="stmt"/>
      <line num="91" count="14" type="stmt"/>
      <line num="92" count="1400" type="stmt"/>
      <line num="94" count="14" type="stmt"/>
      <line num="97" count="1" type="stmt"/>
      <line num="98" count="1403" type="stmt"/>
      <line num="99" count="1403" type="stmt"/>
      <line num="100" count="1403" type="stmt"/>
      <line num="109" count="1" type="stmt"/>
      <line num="110" count="31" type="stmt"/>
      <line num="111" count="31" type="cond" truecount="2" falsecount="0"/>
      <line num="112" count="31" type="stmt"/>
    </file>
  </project>
</coverage>
