{"/Users/ej/Documents/CSE183/Assignment7/src/app.js": {"path":"/Users/ej/Documents/CSE183/Assignment7/src/app.js","statementMap":{"0":{"start":{"line":1,"column":16},"end":{"line":1,"column":34}},"1":{"start":{"line":2,"column":13},"end":{"line":2,"column":31}},"2":{"start":{"line":3,"column":18},"end":{"line":3,"column":47}},"3":{"start":{"line":4,"column":11},"end":{"line":4,"column":24}},"4":{"start":{"line":5,"column":13},"end":{"line":5,"column":28}},"5":{"start":{"line":6,"column":25},"end":{"line":6,"column":61}},"6":{"start":{"line":8,"column":15},"end":{"line":8,"column":34}},"7":{"start":{"line":10,"column":12},"end":{"line":10,"column":21}},"8":{"start":{"line":11,"column":0},"end":{"line":11,"column":24}},"9":{"start":{"line":12,"column":0},"end":{"line":12,"column":47}},"10":{"start":{"line":14,"column":16},"end":{"line":14,"column":59}},"11":{"start":{"line":16,"column":15},"end":{"line":16,"column":62}},"12":{"start":{"line":17,"column":0},"end":{"line":17,"column":66}},"13":{"start":{"line":19,"column":0},"end":{"line":25,"column":2}},"14":{"start":{"line":28,"column":0},"end":{"line":28,"column":35}},"15":{"start":{"line":29,"column":0},"end":{"line":29,"column":39}},"16":{"start":{"line":30,"column":0},"end":{"line":30,"column":34}},"17":{"start":{"line":31,"column":0},"end":{"line":31,"column":36}},"18":{"start":{"line":33,"column":0},"end":{"line":39,"column":3}},"19":{"start":{"line":34,"column":2},"end":{"line":38,"column":5}},"20":{"start":{"line":41,"column":0},"end":{"line":41,"column":21}}},"fnMap":{"0":{"name":"(anonymous_0)","decl":{"start":{"line":33,"column":8},"end":{"line":33,"column":9}},"loc":{"start":{"line":33,"column":33},"end":{"line":39,"column":1}},"line":33}},"branchMap":{},"s":{"0":1,"1":1,"2":1,"3":1,"4":1,"5":1,"6":1,"7":1,"8":1,"9":1,"10":1,"11":1,"12":1,"13":1,"14":1,"15":1,"16":1,"17":1,"18":1,"19":2,"20":1},"f":{"0":2},"b":{},"_coverageSchema":"1a1c01bbd47fc00a2c39e90264f33305004495a9","hash":"a761e4d411eabb68b5a88559bd5ed7c07d250cf1"}
,"/Users/ej/Documents/CSE183/Assignment7/src/emails.js": {"path":"/Users/ej/Documents/CSE183/Assignment7/src/emails.js","statementMap":{"0":{"start":{"line":1,"column":14},"end":{"line":1,"column":43}},"1":{"start":{"line":2,"column":13},"end":{"line":2,"column":41}},"2":{"start":{"line":3,"column":14},"end":{"line":3,"column":43}},"3":{"start":{"line":5,"column":20},"end":{"line":8,"column":2}},"4":{"start":{"line":6,"column":2},"end":{"line":6,"column":26}},"5":{"start":{"line":7,"column":2},"end":{"line":7,"column":15}},"6":{"start":{"line":10,"column":19},"end":{"line":13,"column":2}},"7":{"start":{"line":11,"column":2},"end":{"line":11,"column":25}},"8":{"start":{"line":12,"column":2},"end":{"line":12,"column":15}},"9":{"start":{"line":15,"column":20},"end":{"line":18,"column":2}},"10":{"start":{"line":16,"column":2},"end":{"line":16,"column":26}},"11":{"start":{"line":17,"column":2},"end":{"line":17,"column":15}},"12":{"start":{"line":20,"column":17},"end":{"line":20,"column":64}},"13":{"start":{"line":22,"column":0},"end":{"line":49,"column":2}},"14":{"start":{"line":23,"column":24},"end":{"line":23,"column":26}},"15":{"start":{"line":24,"column":2},"end":{"line":26,"column":5}},"16":{"start":{"line":25,"column":4},"end":{"line":25,"column":38}},"17":{"start":{"line":27,"column":26},"end":{"line":27,"column":48}},"18":{"start":{"line":29,"column":19},"end":{"line":29,"column":21}},"19":{"start":{"line":30,"column":2},"end":{"line":37,"column":5}},"20":{"start":{"line":31,"column":24},"end":{"line":33,"column":6}},"21":{"start":{"line":32,"column":6},"end":{"line":32,"column":39}},"22":{"start":{"line":34,"column":4},"end":{"line":34,"column":68}},"23":{"start":{"line":35,"column":4},"end":{"line":35,"column":68}},"24":{"start":{"line":36,"column":4},"end":{"line":36,"column":60}},"25":{"start":{"line":39,"column":2},"end":{"line":47,"column":3}},"26":{"start":{"line":40,"column":24},"end":{"line":42,"column":6}},"27":{"start":{"line":41,"column":6},"end":{"line":41,"column":49}},"28":{"start":{"line":43,"column":4},"end":{"line":43,"column":68}},"29":{"start":{"line":44,"column":4},"end":{"line":44,"column":68}},"30":{"start":{"line":45,"column":4},"end":{"line":46,"column":31}},"31":{"start":{"line":48,"column":2},"end":{"line":48,"column":33}},"32":{"start":{"line":51,"column":0},"end":{"line":61,"column":2}},"33":{"start":{"line":52,"column":13},"end":{"line":52,"column":26}},"34":{"start":{"line":53,"column":24},"end":{"line":55,"column":4}},"35":{"start":{"line":54,"column":4},"end":{"line":54,"column":27}},"36":{"start":{"line":56,"column":2},"end":{"line":60,"column":3}},"37":{"start":{"line":57,"column":4},"end":{"line":57,"column":74}},"38":{"start":{"line":59,"column":4},"end":{"line":59,"column":25}},"39":{"start":{"line":63,"column":0},"end":{"line":71,"column":2}},"40":{"start":{"line":64,"column":19},"end":{"line":64,"column":27}},"41":{"start":{"line":65,"column":2},"end":{"line":65,"column":49}},"42":{"start":{"line":66,"column":2},"end":{"line":66,"column":47}},"43":{"start":{"line":67,"column":2},"end":{"line":67,"column":28}},"44":{"start":{"line":68,"column":2},"end":{"line":68,"column":28}},"45":{"start":{"line":69,"column":2},"end":{"line":69,"column":26}},"46":{"start":{"line":70,"column":2},"end":{"line":70,"column":67}},"47":{"start":{"line":73,"column":0},"end":{"line":87,"column":2}},"48":{"start":{"line":74,"column":24},"end":{"line":76,"column":4}},"49":{"start":{"line":75,"column":4},"end":{"line":75,"column":38}},"50":{"start":{"line":77,"column":2},"end":{"line":80,"column":3}},"51":{"start":{"line":79,"column":4},"end":{"line":79,"column":25}},"52":{"start":{"line":81,"column":2},"end":{"line":86,"column":3}},"53":{"start":{"line":82,"column":4},"end":{"line":82,"column":46}},"54":{"start":{"line":83,"column":4},"end":{"line":83,"column":25}},"55":{"start":{"line":85,"column":4},"end":{"line":85,"column":25}},"56":{"start":{"line":90,"column":30},"end":{"line":95,"column":1}},"57":{"start":{"line":91,"column":27},"end":{"line":93,"column":4}},"58":{"start":{"line":92,"column":4},"end":{"line":92,"column":43}},"59":{"start":{"line":94,"column":2},"end":{"line":94,"column":26}},"60":{"start":{"line":97,"column":23},"end":{"line":101,"column":1}},"61":{"start":{"line":98,"column":20},"end":{"line":98,"column":44}},"62":{"start":{"line":99,"column":2},"end":{"line":99,"column":29}},"63":{"start":{"line":100,"column":2},"end":{"line":100,"column":19}},"64":{"start":{"line":109,"column":2},"end":{"line":113,"column":5}},"65":{"start":{"line":110,"column":14},"end":{"line":110,"column":36}},"66":{"start":{"line":111,"column":14},"end":{"line":111,"column":44}},"67":{"start":{"line":112,"column":4},"end":{"line":112,"column":26}}},"fnMap":{"0":{"name":"(anonymous_0)","decl":{"start":{"line":5,"column":30},"end":{"line":5,"column":31}},"loc":{"start":{"line":5,"column":41},"end":{"line":8,"column":1}},"line":5},"1":{"name":"(anonymous_1)","decl":{"start":{"line":10,"column":28},"end":{"line":10,"column":29}},"loc":{"start":{"line":10,"column":39},"end":{"line":13,"column":1}},"line":10},"2":{"name":"(anonymous_2)","decl":{"start":{"line":15,"column":30},"end":{"line":15,"column":31}},"loc":{"start":{"line":15,"column":41},"end":{"line":18,"column":1}},"line":15},"3":{"name":"(anonymous_3)","decl":{"start":{"line":22,"column":17},"end":{"line":22,"column":18}},"loc":{"start":{"line":22,"column":37},"end":{"line":49,"column":1}},"line":22},"4":{"name":"(anonymous_4)","decl":{"start":{"line":24,"column":19},"end":{"line":24,"column":20}},"loc":{"start":{"line":24,"column":30},"end":{"line":26,"column":3}},"line":24},"5":{"name":"(anonymous_5)","decl":{"start":{"line":30,"column":26},"end":{"line":30,"column":27}},"loc":{"start":{"line":30,"column":39},"end":{"line":37,"column":3}},"line":30},"6":{"name":"(anonymous_6)","decl":{"start":{"line":31,"column":40},"end":{"line":31,"column":41}},"loc":{"start":{"line":31,"column":51},"end":{"line":33,"column":5}},"line":31},"7":{"name":"(anonymous_7)","decl":{"start":{"line":40,"column":40},"end":{"line":40,"column":41}},"loc":{"start":{"line":40,"column":51},"end":{"line":42,"column":5}},"line":40},"8":{"name":"(anonymous_8)","decl":{"start":{"line":51,"column":17},"end":{"line":51,"column":18}},"loc":{"start":{"line":51,"column":37},"end":{"line":61,"column":1}},"line":51},"9":{"name":"(anonymous_9)","decl":{"start":{"line":53,"column":38},"end":{"line":53,"column":39}},"loc":{"start":{"line":53,"column":49},"end":{"line":55,"column":3}},"line":53},"10":{"name":"(anonymous_10)","decl":{"start":{"line":63,"column":15},"end":{"line":63,"column":16}},"loc":{"start":{"line":63,"column":35},"end":{"line":71,"column":1}},"line":63},"11":{"name":"(anonymous_11)","decl":{"start":{"line":73,"column":14},"end":{"line":73,"column":15}},"loc":{"start":{"line":73,"column":34},"end":{"line":87,"column":1}},"line":73},"12":{"name":"(anonymous_12)","decl":{"start":{"line":74,"column":38},"end":{"line":74,"column":39}},"loc":{"start":{"line":74,"column":49},"end":{"line":76,"column":3}},"line":74},"13":{"name":"(anonymous_13)","decl":{"start":{"line":90,"column":30},"end":{"line":90,"column":31}},"loc":{"start":{"line":90,"column":53},"end":{"line":95,"column":1}},"line":90},"14":{"name":"(anonymous_14)","decl":{"start":{"line":91,"column":39},"end":{"line":91,"column":40}},"loc":{"start":{"line":91,"column":50},"end":{"line":93,"column":3}},"line":91},"15":{"name":"(anonymous_15)","decl":{"start":{"line":97,"column":23},"end":{"line":97,"column":24}},"loc":{"start":{"line":97,"column":44},"end":{"line":101,"column":1}},"line":97},"16":{"name":"uuidv4","decl":{"start":{"line":108,"column":9},"end":{"line":108,"column":15}},"loc":{"start":{"line":108,"column":18},"end":{"line":114,"column":1}},"line":108},"17":{"name":"(anonymous_17)","decl":{"start":{"line":109,"column":65},"end":{"line":109,"column":66}},"loc":{"start":{"line":109,"column":77},"end":{"line":113,"column":3}},"line":109}},"branchMap":{"0":{"loc":{"start":{"line":39,"column":2},"end":{"line":47,"column":3}},"type":"if","locations":[{"start":{"line":39,"column":2},"end":{"line":47,"column":3}},{"start":{"line":39,"column":2},"end":{"line":47,"column":3}}],"line":39},"1":{"loc":{"start":{"line":56,"column":2},"end":{"line":60,"column":3}},"type":"if","locations":[{"start":{"line":56,"column":2},"end":{"line":60,"column":3}},{"start":{"line":56,"column":2},"end":{"line":60,"column":3}}],"line":56},"2":{"loc":{"start":{"line":77,"column":2},"end":{"line":80,"column":3}},"type":"if","locations":[{"start":{"line":77,"column":2},"end":{"line":80,"column":3}},{"start":{"line":77,"column":2},"end":{"line":80,"column":3}}],"line":77},"3":{"loc":{"start":{"line":77,"column":6},"end":{"line":78,"column":34}},"type":"binary-expr","locations":[{"start":{"line":77,"column":6},"end":{"line":77,"column":34}},{"start":{"line":78,"column":2},"end":{"line":78,"column":34}}],"line":77},"4":{"loc":{"start":{"line":81,"column":2},"end":{"line":86,"column":3}},"type":"if","locations":[{"start":{"line":81,"column":2},"end":{"line":86,"column":3}},{"start":{"line":81,"column":2},"end":{"line":86,"column":3}}],"line":81},"5":{"loc":{"start":{"line":111,"column":14},"end":{"line":111,"column":44}},"type":"cond-expr","locations":[{"start":{"line":111,"column":25},"end":{"line":111,"column":26}},{"start":{"line":111,"column":30},"end":{"line":111,"column":43}}],"line":111}},"s":{"0":1,"1":1,"2":1,"3":1,"4":100,"5":100,"6":1,"7":100,"8":100,"9":1,"10":100,"11":100,"12":1,"13":1,"14":2,"15":2,"16":600,"17":2,"18":2,"19":2,"20":6,"21":1800,"22":6,"23":6,"24":6,"25":2,"26":1,"27":300,"28":1,"29":1,"30":1,"31":1,"32":1,"33":3,"34":3,"35":602,"36":3,"37":2,"38":1,"39":1,"40":1,"41":1,"42":1,"43":1,"44":1,"45":1,"46":1,"47":1,"48":4,"49":905,"50":4,"51":1,"52":3,"53":1,"54":1,"55":2,"56":1,"57":14,"58":1400,"59":14,"60":1,"61":1403,"62":1403,"63":1403,"64":1,"65":31,"66":31,"67":31},"f":{"0":100,"1":100,"2":100,"3":2,"4":600,"5":6,"6":1800,"7":300,"8":3,"9":602,"10":1,"11":4,"12":905,"13":14,"14":1400,"15":1403,"16":1,"17":31},"b":{"0":[1,1],"1":[2,1],"2":[1,3],"3":[4,1],"4":[1,2],"5":[30,1]},"_coverageSchema":"1a1c01bbd47fc00a2c39e90264f33305004495a9","hash":"beb2ee9cb9ad84bdcf3a031626f6882ed73a1033"}
}
