TN:
SF:src/app.js
FN:33,(anonymous_0)
FNF:1
FNH:1
FNDA:2,(anonymous_0)
DA:1,1
DA:2,1
DA:3,1
DA:4,1
DA:5,1
DA:6,1
DA:8,1
DA:10,1
DA:11,1
DA:12,1
DA:14,1
DA:16,1
DA:17,1
DA:19,1
DA:28,1
DA:29,1
DA:30,1
DA:31,1
DA:33,1
DA:34,2
DA:41,1
LF:21
LH:21
BRF:0
BRH:0
end_of_record
TN:
SF:src/emails.js
FN:5,(anonymous_0)
FN:10,(anonymous_1)
FN:15,(anonymous_2)
FN:22,(anonymous_3)
FN:24,(anonymous_4)
FN:30,(anonymous_5)
FN:31,(anonymous_6)
FN:40,(anonymous_7)
FN:51,(anonymous_8)
FN:53,(anonymous_9)
FN:63,(anonymous_10)
FN:73,(anonymous_11)
FN:74,(anonymous_12)
FN:90,(anonymous_13)
FN:91,(anonymous_14)
FN:97,(anonymous_15)
FN:108,uuidv4
FN:109,(anonymous_17)
FNF:18
FNH:18
FNDA:100,(anonymous_0)
FNDA:100,(anonymous_1)
FNDA:100,(anonymous_2)
FNDA:2,(anonymous_3)
FNDA:600,(anonymous_4)
FNDA:6,(anonymous_5)
FNDA:1800,(anonymous_6)
FNDA:300,(anonymous_7)
FNDA:3,(anonymous_8)
FNDA:602,(anonymous_9)
FNDA:1,(anonymous_10)
FNDA:4,(anonymous_11)
FNDA:905,(anonymous_12)
FNDA:14,(anonymous_13)
FNDA:1400,(anonymous_14)
FNDA:1403,(anonymous_15)
FNDA:1,uuidv4
FNDA:31,(anonymous_17)
DA:1,1
DA:2,1
DA:3,1
DA:5,1
DA:6,100
DA:7,100
DA:10,1
DA:11,100
DA:12,100
DA:15,1
DA:16,100
DA:17,100
DA:20,1
DA:22,1
DA:23,2
DA:24,2
DA:25,600
DA:27,2
DA:29,2
DA:30,2
DA:31,6
DA:32,1800
DA:34,6
DA:35,6
DA:36,6
DA:39,2
DA:40,1
DA:41,300
DA:43,1
DA:44,1
DA:45,1
DA:48,1
DA:51,1
DA:52,3
DA:53,3
DA:54,602
DA:56,3
DA:57,2
DA:59,1
DA:63,1
DA:64,1
DA:65,1
DA:66,1
DA:67,1
DA:68,1
DA:69,1
DA:70,1
DA:73,1
DA:74,4
DA:75,905
DA:77,4
DA:79,1
DA:81,3
DA:82,1
DA:83,1
DA:85,2
DA:90,1
DA:91,14
DA:92,1400
DA:94,14
DA:97,1
DA:98,1403
DA:99,1403
DA:100,1403
DA:109,1
DA:110,31
DA:111,31
DA:112,31
LF:68
LH:68
BRDA:39,0,0,1
BRDA:39,0,1,1
BRDA:56,1,0,2
BRDA:56,1,1,1
BRDA:77,2,0,1
BRDA:77,2,1,3
BRDA:77,3,0,4
BRDA:77,3,1,1
BRDA:81,4,0,1
BRDA:81,4,1,2
BRDA:111,5,0,30
BRDA:111,5,1,1
BRF:12
BRH:12
end_of_record
