<?xml version="1.0" encoding="UTF-8"?>
<coverage generated="1603432867495" clover="3.2.0">
  <project timestamp="1603432867496" name="All files">
    <metrics statements="14" coveredstatements="14" conditionals="8" coveredconditionals="7" methods="2" coveredmethods="2" elements="24" coveredelements="23" complexity="0" loc="14" ncloc="14" packages="1" files="1" classes="1"/>
    <file name="templater.js" path="/Users/ej/Documents/CSE183/Assignment3/templater.js">
      <metrics statements="14" coveredstatements="14" conditionals="8" coveredconditionals="7" methods="2" coveredmethods="2"/>
      <line num="10" count="5" type="stmt"/>
      <line num="23" count="5" type="stmt"/>
      <line num="24" count="5" type="stmt"/>
      <line num="26" count="5" type="cond" truecount="2" falsecount="0"/>
      <line num="27" count="1" type="stmt"/>
      <line num="30" count="4" type="stmt"/>
      <line num="31" count="8" type="cond" truecount="1" falsecount="1"/>
      <line num="32" count="8" type="stmt"/>
      <line num="36" count="4" type="cond" truecount="4" falsecount="0"/>
      <line num="37" count="1" type="stmt"/>
      <line num="40" count="3" type="stmt"/>
      <line num="41" count="1" type="stmt"/>
      <line num="44" count="3" type="stmt"/>
      <line num="48" count="1" type="stmt"/>
    </file>
  </project>
</coverage>
