{"/Users/ej/Documents/CSE183/Assignment3/templater.js": {"path":"/Users/ej/Documents/CSE183/Assignment3/templater.js","statementMap":{"0":{"start":{"line":10,"column":4},"end":{"line":10,"column":29}},"1":{"start":{"line":23,"column":18},"end":{"line":23,"column":31}},"2":{"start":{"line":24,"column":15},"end":{"line":24,"column":26}},"3":{"start":{"line":26,"column":4},"end":{"line":28,"column":5}},"4":{"start":{"line":27,"column":6},"end":{"line":27,"column":23}},"5":{"start":{"line":30,"column":4},"end":{"line":34,"column":5}},"6":{"start":{"line":31,"column":6},"end":{"line":33,"column":7}},"7":{"start":{"line":32,"column":8},"end":{"line":32,"column":46}},"8":{"start":{"line":36,"column":4},"end":{"line":38,"column":5}},"9":{"start":{"line":37,"column":6},"end":{"line":37,"column":71}},"10":{"start":{"line":40,"column":4},"end":{"line":42,"column":5}},"11":{"start":{"line":41,"column":6},"end":{"line":41,"column":40}},"12":{"start":{"line":44,"column":4},"end":{"line":44,"column":26}},"13":{"start":{"line":48,"column":0},"end":{"line":48,"column":27}}},"fnMap":{"0":{"name":"(anonymous_0)","decl":{"start":{"line":9,"column":2},"end":{"line":9,"column":3}},"loc":{"start":{"line":9,"column":24},"end":{"line":11,"column":3}},"line":9},"1":{"name":"(anonymous_1)","decl":{"start":{"line":22,"column":2},"end":{"line":22,"column":3}},"loc":{"start":{"line":22,"column":21},"end":{"line":45,"column":3}},"line":22}},"branchMap":{"0":{"loc":{"start":{"line":26,"column":4},"end":{"line":28,"column":5}},"type":"if","locations":[{"start":{"line":26,"column":4},"end":{"line":28,"column":5}},{"start":{"line":26,"column":4},"end":{"line":28,"column":5}}],"line":26},"1":{"loc":{"start":{"line":31,"column":6},"end":{"line":33,"column":7}},"type":"if","locations":[{"start":{"line":31,"column":6},"end":{"line":33,"column":7}},{"start":{"line":31,"column":6},"end":{"line":33,"column":7}}],"line":31},"2":{"loc":{"start":{"line":36,"column":4},"end":{"line":38,"column":5}},"type":"if","locations":[{"start":{"line":36,"column":4},"end":{"line":38,"column":5}},{"start":{"line":36,"column":4},"end":{"line":38,"column":5}}],"line":36},"3":{"loc":{"start":{"line":36,"column":8},"end":{"line":36,"column":42}},"type":"binary-expr","locations":[{"start":{"line":36,"column":8},"end":{"line":36,"column":14}},{"start":{"line":36,"column":18},"end":{"line":36,"column":42}}],"line":36}},"s":{"0":5,"1":5,"2":5,"3":5,"4":1,"5":4,"6":8,"7":8,"8":4,"9":1,"10":3,"11":1,"12":3,"13":1},"f":{"0":5,"1":5},"b":{"0":[1,4],"1":[8,0],"2":[1,3],"3":[4,1]},"_coverageSchema":"1a1c01bbd47fc00a2c39e90264f33305004495a9","hash":"235b8fc8ec03758eb72c1af64eb515f984fc1792"}
}
